[2023-01-06 00:13:52] laravel.EMERGENCY: Unable to create configured logger. Using emergency logger. {"exception":"[object] (Error(code: 0): Class \"Illuminate\\Support\\Collection\" not found at C:\\xampp\\htdocs\\Travel\\maps\\vendor\\laravel\\framework\\src\\Illuminate\\Support\\helpers.php:109)
[stacktrace]
#0 C:\\xampp\\htdocs\\Travel\\maps\\vendor\\laravel\\framework\\src\\Illuminate\\Log\\LogManager.php(240): collect(Array)
#1 C:\\xampp\\htdocs\\Travel\\maps\\vendor\\laravel\\framework\\src\\Illuminate\\Log\\LogManager.php(202): Illuminate\\Log\\LogManager->createStackDriver(Array)
#2 C:\\xampp\\htdocs\\Travel\\maps\\vendor\\laravel\\framework\\src\\Illuminate\\Log\\LogManager.php(118): Illuminate\\Log\\LogManager->resolve('stack')
#3 C:\\xampp\\htdocs\\Travel\\maps\\vendor\\laravel\\framework\\src\\Illuminate\\Log\\LogManager.php(98): Illuminate\\Log\\LogManager->get('stack')
#4 C:\\xampp\\htdocs\\Travel\\maps\\vendor\\laravel\\framework\\src\\Illuminate\\Log\\LogManager.php(543): Illuminate\\Log\\LogManager->driver()
#5 C:\\xampp\\htdocs\\Travel\\maps\\vendor\\laravel\\framework\\src\\Illuminate\\Foundation\\Exceptions\\Handler.php(124): Illuminate\\Log\\LogManager->error('During inherita...', Array)
#6 C:\\xampp\\htdocs\\Travel\\maps\\app\\Exceptions\\Handler.php(39): Illuminate\\Foundation\\Exceptions\\Handler->report(Object(Symfony\\Component\\Debug\\Exception\\FatalErrorException))
#7 C:\\xampp\\htdocs\\Travel\\maps\\vendor\\laravel\\framework\\src\\Illuminate\\Foundation\\Bootstrap\\HandleExceptions.php(92): App\\Exceptions\\Handler->report(Object(Symfony\\Component\\Debug\\Exception\\FatalErrorException))
#8 C:\\xampp\\htdocs\\Travel\\maps\\vendor\\laravel\\framework\\src\\Illuminate\\Foundation\\Bootstrap\\HandleExceptions.php(134): Illuminate\\Foundation\\Bootstrap\\HandleExceptions->handleException(Object(Symfony\\Component\\Debug\\Exception\\FatalErrorException))
#9 [internal function]: Illuminate\\Foundation\\Bootstrap\\HandleExceptions->handleShutdown()
#10 {main}
"} 
[2023-01-06 00:13:52] laravel.ERROR: During inheritance of ArrayAccess: Uncaught ErrorException: Return type of Illuminate\Support\Collection::offsetExists($key) should either be compatible with ArrayAccess::offsetExists(mixed $offset): bool, or the #[\ReturnTypeWillChange] attribute should be used to temporarily suppress the notice in C:\xampp\htdocs\Travel\maps\vendor\laravel\framework\src\Illuminate\Support\Collection.php:1277
Stack trace:
#0 C:\xampp\htdocs\Travel\maps\vendor\laravel\framework\src\Illuminate\Support\Collection.php(11): Illuminate\Foundation\Bootstrap\HandleExceptions->handleError(8192, 'Return type of ...', 'C:\\xampp\\htdocs...', 1277)
#1 C:\xampp\htdocs\Travel\maps\vendor\composer\ClassLoader.php(571): include('C:\\xampp\\htdocs...')
#2 C:\xampp\htdocs\Travel\maps\vendor\composer\ClassLoader.php(428): Composer\Autoload\includeFile('C:\\xampp\\htdocs...')
#3 C:\xampp\htdocs\Travel\maps\vendor\laravel\framework\src\Illuminate\Support\helpers.php(109): Composer\Autoload\ClassLoader->loadClass('Illuminate\\Supp...')
#4 C:\xampp\htdocs\Travel\maps\vendor\laravel\framework\src\Illuminate\Foundation\PackageManifest.php(130): collect(Array)
#5 C:\xampp\htdocs\Travel\maps\vendor\laravel\framework\src\Illuminate\Foundation\PackageManifest.php(106): Illuminate\Foundation\PackageManifest->build()
#6 C:\xampp\htdocs\Travel\maps\vendor\laravel\framework\src\Illuminate\Foundation\PackageManifest.php(89): Illuminate\Foundation\PackageManifest->getManifest()
#7 C:\xampp\htdocs\Travel\maps\vendor\laravel\framework\src\Illuminate\Foundation\PackageManifest.php(78): Illuminate\Foundation\PackageManifest->config('aliases')
#8 C:\xampp\htdocs\Travel\maps\vendor\laravel\framework\src\Illuminate\Foundation\Bootstrap\RegisterFacades.php(26): Illuminate\Foundation\PackageManifest->aliases()
#9 C:\xampp\htdocs\Travel\maps\vendor\laravel\framework\src\Illuminate\Foundation\Application.php(219): Illuminate\Foundation\Bootstrap\RegisterFacades->bootstrap(Object(Illuminate\Foundation\Application))
#10 C:\xampp\htdocs\Travel\maps\vendor\laravel\framework\src\Illuminate\Foundation\Console\Kernel.php(320): Illuminate\Foundation\Application->bootstrapWith(Array)
#11 C:\xampp\htdocs\Travel\maps\vendor\laravel\framework\src\Illuminate\Foundation\Console\Kernel.php(129): Illuminate\Foundation\Console\Kernel->bootstrap()
#12 C:\xampp\htdocs\Travel\maps\artisan(37): Illuminate\Foundation\Console\Kernel->handle(Object(Symfony\Component\Console\Input\ArgvInput), Object(Symfony\Component\Console\Output\ConsoleOutput))
#13 {main} {"exception":"[object] (Symfony\\Component\\Debug\\Exception\\FatalErrorException(code: 1): During inheritance of ArrayAccess: Uncaught ErrorException: Return type of Illuminate\\Support\\Collection::offsetExists($key) should either be compatible with ArrayAccess::offsetExists(mixed $offset): bool, or the #[\\ReturnTypeWillChange] attribute should be used to temporarily suppress the notice in C:\\xampp\\htdocs\\Travel\\maps\\vendor\\laravel\\framework\\src\\Illuminate\\Support\\Collection.php:1277
Stack trace:
#0 C:\\xampp\\htdocs\\Travel\\maps\\vendor\\laravel\\framework\\src\\Illuminate\\Support\\Collection.php(11): Illuminate\\Foundation\\Bootstrap\\HandleExceptions->handleError(8192, 'Return type of ...', 'C:\\\\xampp\\\\htdocs...', 1277)
#1 C:\\xampp\\htdocs\\Travel\\maps\\vendor\\composer\\ClassLoader.php(571): include('C:\\\\xampp\\\\htdocs...')
#2 C:\\xampp\\htdocs\\Travel\\maps\\vendor\\composer\\ClassLoader.php(428): Composer\\Autoload\\includeFile('C:\\\\xampp\\\\htdocs...')
#3 C:\\xampp\\htdocs\\Travel\\maps\\vendor\\laravel\\framework\\src\\Illuminate\\Support\\helpers.php(109): Composer\\Autoload\\ClassLoader->loadClass('Illuminate\\\\Supp...')
#4 C:\\xampp\\htdocs\\Travel\\maps\\vendor\\laravel\\framework\\src\\Illuminate\\Foundation\\PackageManifest.php(130): collect(Array)
#5 C:\\xampp\\htdocs\\Travel\\maps\\vendor\\laravel\\framework\\src\\Illuminate\\Foundation\\PackageManifest.php(106): Illuminate\\Foundation\\PackageManifest->build()
#6 C:\\xampp\\htdocs\\Travel\\maps\\vendor\\laravel\\framework\\src\\Illuminate\\Foundation\\PackageManifest.php(89): Illuminate\\Foundation\\PackageManifest->getManifest()
#7 C:\\xampp\\htdocs\\Travel\\maps\\vendor\\laravel\\framework\\src\\Illuminate\\Foundation\\PackageManifest.php(78): Illuminate\\Foundation\\PackageManifest->config('aliases')
#8 C:\\xampp\\htdocs\\Travel\\maps\\vendor\\laravel\\framework\\src\\Illuminate\\Foundation\\Bootstrap\\RegisterFacades.php(26): Illuminate\\Foundation\\PackageManifest->aliases()
#9 C:\\xampp\\htdocs\\Travel\\maps\\vendor\\laravel\\framework\\src\\Illuminate\\Foundation\\Application.php(219): Illuminate\\Foundation\\Bootstrap\\RegisterFacades->bootstrap(Object(Illuminate\\Foundation\\Application))
#10 C:\\xampp\\htdocs\\Travel\\maps\\vendor\\laravel\\framework\\src\\Illuminate\\Foundation\\Console\\Kernel.php(320): Illuminate\\Foundation\\Application->bootstrapWith(Array)
#11 C:\\xampp\\htdocs\\Travel\\maps\\vendor\\laravel\\framework\\src\\Illuminate\\Foundation\\Console\\Kernel.php(129): Illuminate\\Foundation\\Console\\Kernel->bootstrap()
#12 C:\\xampp\\htdocs\\Travel\\maps\\artisan(37): Illuminate\\Foundation\\Console\\Kernel->handle(Object(Symfony\\Component\\Console\\Input\\ArgvInput), Object(Symfony\\Component\\Console\\Output\\ConsoleOutput))
#13 {main} at C:\\xampp\\htdocs\\Travel\\maps\\vendor\\laravel\\framework\\src\\Illuminate\\Support\\Collection.php:11)
[stacktrace]
#0 {main}
"} 
